  pch.cpp
  CREVASS.cpp
C:\Users\N-Main\Documents\Crevass\Client\CREVASS.cpp(28,78): warning C4267: '=': 'size_t'에서 'UINT'(으)로 변환하면서 데이터가 손실될 수 있습니다.
C:\Users\N-Main\Documents\Crevass\Client\CREVASS.cpp(70,25): warning C4305: '인수': 'double'에서 'float'(으)로 잘립니다.
C:\Users\N-Main\Documents\Crevass\Client\CREVASS.cpp(73,26): warning C4305: '인수': 'double'에서 'float'(으)로 잘립니다.
  Camera.cpp
  CommandContext.cpp
  Component.cpp
  d3dUtil.cpp
  DDSTextureLoader.cpp
  GameObject.cpp
  GameTimer.cpp
  GeometryGenerator.cpp
  GeometryMesh.cpp
  GraphicsRenderer.cpp
  IGameApp.cpp
  LogoScene.cpp
  main.cpp
  MaterialReference.cpp
  MathHelper.cpp
  MeshReference.cpp
  Scene.cpp
  SceneManager.cpp
  SkyCube.cpp
  코드를 생성하고 있습니다...
  컴파일하고 있습니다...
  GameCore.cpp
  코드를 생성하고 있습니다...
  LINK : C:\Users\N-Main\Documents\Crevass\Client\x64\Debug\Crevass.exe을(를) 찾을 수 없거나 마지막 증분 링크에 의해 빌드되지 않았습니다. 전체 링크를 수행하고 있습니다.
  Crevass.vcxproj -> C:\Users\N-Main\Documents\Crevass\Client\x64\Debug\Crevass.exe
C:\Program Files (x86)\Microsoft Visual Studio\2019\Community\MSBuild\Current\Bin\Microsoft.Common.CurrentVersion.targets(5243,5): error MSB3541: Files의 "<<<<<<< HEAD" 값이 잘못되었습니다. 경로에 잘못된 문자가 있습니다.
